==============================================================================
20170205 13:49:06.346 - INFO - + START SUITE: Acceptancetest [ ]
==============================================================================
20170205 13:49:06.584 - INFO - +- START SUITE: Acceptancetest.CSV-JSONConversion [ ]
==============================================================================
20170205 13:49:06.600 - INFO - +-- START TEST: CSV to JSON to CSV Yields Original [ ]
------------------------------------------------------------------------------
20170205 13:49:06.600 - INFO - +--- START KW: OperatingSystem.Get File [ src/test/resources/grades.csv ]
20170205 13:49:06.615 - INFO - ${contents} = "ID","Total","Assignment 1","Assignment 2","Exam 1"
"111278","611","146","128","337"
"111352","867","227","228","412"
"111373","461","96","90","275"
"111305","835","220","217","398"
"111399","898","22...
20170205 13:49:06.615 - INFO - +--- END KW: OperatingSystem.Get File (15)
~~~~~~~~~~~~~~~~~~~~~~~~~~~~~~~~~~~~~~~~~~~~~~~~~~~~~~~~~~~~~~~~~~~~~~~~~~~~~~
20170205 13:49:06.615 - INFO - +--- START KW: keywords.ConverterKeywords.Convert To Json [ ${contents} ]
20170205 13:49:06.631 - INFO - ${json} = {"rowHeaders":["111278","111352","111373","111305","111399","111160","111276","111241"],"data":[[611,146,128,337],[867,227,228,412],[461,96,90,275],[835,220,217,398],[898,226,229,443],[454,77,125,252]...
20170205 13:49:06.631 - INFO - +--- END KW: keywords.ConverterKeywords.Convert To Json (16)
~~~~~~~~~~~~~~~~~~~~~~~~~~~~~~~~~~~~~~~~~~~~~~~~~~~~~~~~~~~~~~~~~~~~~~~~~~~~~~
20170205 13:49:06.631 - INFO - +--- START KW: keywords.ConverterKeywords.Convert To Csv [ ${json} ]
20170205 13:49:06.647 - INFO - ${csv} = "ID","Total","Assignment 1","Assignment 2","Exam 1"
"111278","611","146","128","337"
"111352","867","227","228","412"
"111373","461","96","90","275"
"111305","835","220","217","398"
"111399","898","22...
20170205 13:49:06.647 - INFO - +--- END KW: keywords.ConverterKeywords.Convert To Csv (16)
~~~~~~~~~~~~~~~~~~~~~~~~~~~~~~~~~~~~~~~~~~~~~~~~~~~~~~~~~~~~~~~~~~~~~~~~~~~~~~
20170205 13:49:06.647 - INFO - +--- START KW: BuiltIn.Should Be Equal [ ${contents} | ${csv} ]
20170205 13:49:06.647 - INFO - +--- END KW: BuiltIn.Should Be Equal (0)
------------------------------------------------------------------------------
20170205 13:49:06.647 - INFO - +-- END TEST: CSV to JSON to CSV Yields Original (63)
------------------------------------------------------------------------------
20170205 13:49:06.662 - INFO - +-- START TEST: JSON to CSV to JSON Yields Original [ ]
------------------------------------------------------------------------------
20170205 13:49:06.662 - INFO - +--- START KW: OperatingSystem.Get File [ src/test/resources/grades.json ]
20170205 13:49:06.662 - INFO - ${contents} = {
    "colHeaders":["Total","Assignment 1","Assignment 2","Exam 1"],
    "rowHeaders":["111278","111352","111373","111305","111399","111160","111276","111241"],
    "data":[[611,146,128,337],
        ...
20170205 13:49:06.678 - INFO - +--- END KW: OperatingSystem.Get File (0)
~~~~~~~~~~~~~~~~~~~~~~~~~~~~~~~~~~~~~~~~~~~~~~~~~~~~~~~~~~~~~~~~~~~~~~~~~~~~~~
20170205 13:49:06.679 - INFO - +--- START KW: keywords.ConverterKeywords.Convert To Csv [ ${contents} ]
20170205 13:49:06.684 - INFO - ${csv} = "ID","Total","Assignment 1","Assignment 2","Exam 1"
"111278","611","146","128","337"
"111352","867","227","228","412"
"111373","461","96","90","275"
"111305","835","220","217","398"
"111399","898","22...
20170205 13:49:06.684 - INFO - +--- END KW: keywords.ConverterKeywords.Convert To Csv (5)
~~~~~~~~~~~~~~~~~~~~~~~~~~~~~~~~~~~~~~~~~~~~~~~~~~~~~~~~~~~~~~~~~~~~~~~~~~~~~~
20170205 13:49:06.684 - INFO - +--- START KW: keywords.ConverterKeywords.Convert To Json [ ${csv} ]
20170205 13:49:06.684 - INFO - ${json} = {"rowHeaders":["111278","111352","111373","111305","111399","111160","111276","111241"],"data":[[611,146,128,337],[867,227,228,412],[461,96,90,275],[835,220,217,398],[898,226,229,443],[454,77,125,252]...
20170205 13:49:06.684 - INFO - +--- END KW: keywords.ConverterKeywords.Convert To Json (0)
~~~~~~~~~~~~~~~~~~~~~~~~~~~~~~~~~~~~~~~~~~~~~~~~~~~~~~~~~~~~~~~~~~~~~~~~~~~~~~
20170205 13:49:06.684 - INFO - +--- START KW: keywords.ConverterKeywords.Json Strings Are Equal [ ${contents} | ${json} ]
20170205 13:49:06.700 - INFO - ${same} = True
20170205 13:49:06.700 - INFO - +--- END KW: keywords.ConverterKeywords.Json Strings Are Equal (16)
~~~~~~~~~~~~~~~~~~~~~~~~~~~~~~~~~~~~~~~~~~~~~~~~~~~~~~~~~~~~~~~~~~~~~~~~~~~~~~
20170205 13:49:06.700 - INFO - +--- START KW: BuiltIn.Should Be True [ ${same} ]
20170205 13:49:06.700 - INFO - +--- END KW: BuiltIn.Should Be True (0)
------------------------------------------------------------------------------
20170205 13:49:06.700 - INFO - +-- END TEST: JSON to CSV to JSON Yields Original (53)
------------------------------------------------------------------------------
20170205 13:49:06.716 - INFO - +- END SUITE: Acceptancetest.CSV-JSONConversion (354)
==============================================================================
20170205 13:49:06.731 - INFO - + END SUITE: Acceptancetest (682)
==============================================================================
